#
# There is insufficient memory for the Java Runtime Environment to continue.
# Native memory allocation (malloc) failed to allocate 1252080 bytes. Error detail: Chunk::new
# Possible reasons:
#   The system is out of physical RAM or swap space
#   This process is running with CompressedOops enabled, and the Java Heap may be blocking the growth of the native heap
# Possible solutions:
#   Reduce memory load on the system
#   Increase physical memory or swap space
#   Check if swap backing store is full
#   Decrease Java heap size (-Xmx/-Xms)
#   Decrease number of Java threads
#   Decrease Java thread stack sizes (-Xss)
#   Set larger code cache with -XX:ReservedCodeCacheSize=
#   JVM is running with Unscaled Compressed Oops mode in which the Java heap is
#     placed in the first 4GB address space. The Java Heap base address is the
#     maximum limit for the native heap growth. Please use -XX:HeapBaseMinAddress
#     to set the Java Heap base and to place the Java Heap above 4GB virtual address.
# This output file may be truncated or incomplete.
#
#  Out of Memory Error (arena.cpp:168), pid=4412, tid=22908
#
# JRE version: OpenJDK Runtime Environment Temurin-21.0.10+7 (21.0.10+7) (build 21.0.10+7-LTS)
# Java VM: OpenJDK 64-Bit Server VM Temurin-21.0.10+7 (21.0.10+7-LTS, mixed mode, sharing, tiered, compressed oops, compressed class ptrs, parallel gc, windows-amd64)
# No core dump will be written. Minidumps are not enabled by default on client versions of Windows
#

---------------  S U M M A R Y ------------

Command Line: --add-modules=ALL-SYSTEM --add-opens=java.base/java.util=ALL-UNNAMED --add-opens=java.base/java.lang=ALL-UNNAMED --add-opens=java.base/sun.nio.fs=ALL-UNNAMED -Declipse.application=org.eclipse.jdt.ls.core.id1 -Dosgi.bundles.defaultStartLevel=4 -Declipse.product=org.eclipse.jdt.ls.core.product -Djava.import.generatesMetadataFilesAtProjectRoot=false -DDetectVMInstallationsJob.disabled=true -Dfile.encoding=utf8 -XX:+UseParallelGC -XX:GCTimeRatio=4 -XX:AdaptiveSizePolicyWeight=90 -Dsun.zip.disableMemoryMapping=true -Xmx2G -Xms100m -Xlog:disable -javaagent:c:\Users\deboj\.vscode\extensions\redhat.java-1.53.0-win32-x64\lombok\lombok-1.18.39-4050.jar -XX:+HeapDumpOnOutOfMemoryError -XX:HeapDumpPath=c:\Users\deboj\AppData\Roaming\Code\User\workspaceStorage\1439c921d9430cb91b49a6a54e1a0b6b\redhat.java -Daether.dependencyCollector.impl=bf c:\Users\deboj\.vscode\extensions\redhat.java-1.53.0-win32-x64\server\plugins\org.eclipse.equinox.launcher_1.7.100.v20251111-0406.jar -configuration c:\Users\deboj\AppData\Roaming\Code\User\globalStorage\redhat.java\1.53.0\config_win -data c:\Users\deboj\AppData\Roaming\Code\User\workspaceStorage\1439c921d9430cb91b49a6a54e1a0b6b\redhat.java\jdt_ws --pipe=\\.\pipe\lsp-d7dceb1fcf645eb5c84368a96cb63937-sock

Host: AMD Ryzen 5 5500U with Radeon Graphics         , 12 cores, 7G,  Windows 11 , 64 bit Build 26100 (10.0.26100.7920)
Time: Sun Apr  5 20:54:11 2026 India Standard Time elapsed time: 6.385386 seconds (0d 0h 0m 6s)

---------------  T H R E A D  ---------------

Current thread (0x00000200fdcf9b60):  JavaThread "C2 CompilerThread0" daemon [_thread_in_native, id=22908, stack(0x0000007d25500000,0x0000007d25600000) (1024K)]


Current CompileTask:
C2:6385 3863       4       org.lombokweb.asm.ClassReader::readMethod (1070 bytes)

Stack: [0x0000007d25500000,0x0000007d25600000]
Native frames: (J=compiled Java code, j=interpreted, Vv=VM code, C=native code)
V  [jvm.dll+0x6d7a39]
V  [jvm.dll+0x8b4b26]
V  [jvm.dll+0x8b70de]
V  [jvm.dll+0x8b77c3]
V  [jvm.dll+0x284346]
V  [jvm.dll+0xc66ed]
V  [jvm.dll+0xc6c31]
V  [jvm.dll+0x3bec3b]
V  [jvm.dll+0x38b162]
V  [jvm.dll+0x38a5aa]
V  [jvm.dll+0x24c560]
V  [jvm.dll+0x24bb40]
V  [jvm.dll+0x1cb34e]
V  [jvm.dll+0x25b85d]
V  [jvm.dll+0x259dea]
V  [jvm.dll+0x3f857e]
V  [jvm.dll+0x85f59d]
V  [jvm.dll+0x6d626d]
C  [ucrtbase.dll+0x37b0]
C  [KERNEL32.DLL+0x2e8d7]
C  [ntdll.dll+0x8c48c]


---------------  P R O C E S S  ---------------

Threads class SMR info:
_java_thread_list=0x00000200fe066950, length=25, elements={
0x00000200f4413bf0, 0x00000200fdcc44b0, 0x00000200fdcc58f0, 0x00000200fdcc9710,
0x00000200fdcca370, 0x00000200fdccf6a0, 0x00000200fdcd15e0, 0x00000200fdcf9b60,
0x00000200fdcfdef0, 0x00000200fdeee940, 0x00000200fe09a6e0, 0x00000200fe8286f0,
0x00000200fe7b2100, 0x00000200fe918e40, 0x00000200fe91ddd0, 0x00000200ff0fe820,
0x00000200fe9701f0, 0x00000200feddf720, 0x00000200ff14af10, 0x00000200ff14c950,
0x00000200ff14b5a0, 0x00000200d4bf2130, 0x00000200ff14c2c0, 0x00000200ff14cfe0,
0x00000200ff14d670
}

Java Threads: ( => current thread )
  0x00000200f4413bf0 JavaThread "main"                              [_thread_blocked, id=35240, stack(0x0000007d24b00000,0x0000007d24c00000) (1024K)]
  0x00000200fdcc44b0 JavaThread "Reference Handler"          daemon [_thread_blocked, id=24968, stack(0x0000007d24f00000,0x0000007d25000000) (1024K)]
  0x00000200fdcc58f0 JavaThread "Finalizer"                  daemon [_thread_blocked, id=35436, stack(0x0000007d25000000,0x0000007d25100000) (1024K)]
  0x00000200fdcc9710 JavaThread "Signal Dispatcher"          daemon [_thread_blocked, id=26556, stack(0x0000007d25100000,0x0000007d25200000) (1024K)]
  0x00000200fdcca370 JavaThread "Attach Listener"            daemon [_thread_blocked, id=14288, stack(0x0000007d25200000,0x0000007d25300000) (1024K)]
  0x00000200fdccf6a0 JavaThread "Service Thread"             daemon [_thread_blocked, id=32392, stack(0x0000007d25300000,0x0000007d25400000) (1024K)]
  0x00000200fdcd15e0 JavaThread "Monitor Deflation Thread"   daemon [_thread_blocked, id=16344, stack(0x0000007d25400000,0x0000007d25500000) (1024K)]
=>0x00000200fdcf9b60 JavaThread "C2 CompilerThread0"         daemon [_thread_in_native, id=22908, stack(0x0000007d25500000,0x0000007d25600000) (1024K)]
  0x00000200fdcfdef0 JavaThread "C1 CompilerThread0"         daemon [_thread_in_native, id=492, stack(0x0000007d25600000,0x0000007d25700000) (1024K)]
  0x00000200fdeee940 JavaThread "Common-Cleaner"             daemon [_thread_blocked, id=24900, stack(0x0000007d25700000,0x0000007d25800000) (1024K)]
  0x00000200fe09a6e0 JavaThread "Notification Thread"        daemon [_thread_blocked, id=23672, stack(0x0000007d25900000,0x0000007d25a00000) (1024K)]
  0x00000200fe8286f0 JavaThread "Active Thread: Equinox Container: 54a7dc99-a0de-4559-9510-38ac8af4e5a8"        [_thread_blocked, id=17340, stack(0x0000007d26100000,0x0000007d26200000) (1024K)]
  0x00000200fe7b2100 JavaThread "Refresh Thread: Equinox Container: 54a7dc99-a0de-4559-9510-38ac8af4e5a8" daemon [_thread_blocked, id=22460, stack(0x0000007d26300000,0x0000007d26400000) (1024K)]
  0x00000200fe918e40 JavaThread "Framework Event Dispatcher: Equinox Container: 54a7dc99-a0de-4559-9510-38ac8af4e5a8" daemon [_thread_blocked, id=27476, stack(0x0000007d26400000,0x0000007d26500000) (1024K)]
  0x00000200fe91ddd0 JavaThread "Start Level: Equinox Container: 54a7dc99-a0de-4559-9510-38ac8af4e5a8" daemon [_thread_in_vm, id=24076, stack(0x0000007d26500000,0x0000007d26600000) (1024K)]
  0x00000200ff0fe820 JavaThread "Bundle File Closer"         daemon [_thread_blocked, id=12108, stack(0x0000007d26800000,0x0000007d26900000) (1024K)]
  0x00000200fe9701f0 JavaThread "SCR Component Actor"        daemon [_thread_blocked, id=28336, stack(0x0000007d26900000,0x0000007d26a00000) (1024K)]
  0x00000200feddf720 JavaThread "Worker-JM"                         [_thread_blocked, id=27908, stack(0x0000007d26a00000,0x0000007d26b00000) (1024K)]
  0x00000200ff14af10 JavaThread "JNA Cleaner"                daemon [_thread_blocked, id=22464, stack(0x0000007d25a00000,0x0000007d25b00000) (1024K)]
  0x00000200ff14c950 JavaThread "Worker-0: Repository registry initialization"        [_thread_in_Java, id=9136, stack(0x0000007d26b00000,0x0000007d26c00000) (1024K)]
  0x00000200ff14b5a0 JavaThread "Worker-1: Updating Maven Dependencies"        [_thread_in_native, id=16380, stack(0x0000007d26c00000,0x0000007d26d00000) (1024K)]
  0x00000200d4bf2130 JavaThread "C2 CompilerThread1"         daemon [_thread_in_native, id=23744, stack(0x0000007d25800000,0x0000007d25900000) (1024K)]
  0x00000200ff14c2c0 JavaThread "Java indexing"              daemon [_thread_blocked, id=2604, stack(0x0000007d26d00000,0x0000007d26e00000) (1024K)]
  0x00000200ff14cfe0 JavaThread "Worker-2"                          [_thread_blocked, id=26140, stack(0x0000007d26e00000,0x0000007d26f00000) (1024K)]
  0x00000200ff14d670 JavaThread "Worker-3"                          [_thread_blocked, id=29912, stack(0x0000007d26f00000,0x0000007d27000000) (1024K)]
Total: 25

Other Threads:
  0x00000200f44ceb10 VMThread "VM Thread"                           [id=13020, stack(0x0000007d24e00000,0x0000007d24f00000) (1024K)]
  0x00000200f429ca00 WatcherThread "VM Periodic Task Thread"        [id=25860, stack(0x0000007d24d00000,0x0000007d24e00000) (1024K)]
  0x00000200f44329c0 WorkerThread "GC Thread#0"                     [id=20832, stack(0x0000007d24c00000,0x0000007d24d00000) (1024K)]
  0x00000200fe64ecc0 WorkerThread "GC Thread#1"                     [id=23896, stack(0x0000007d25b00000,0x0000007d25c00000) (1024K)]
  0x00000200fe906740 WorkerThread "GC Thread#2"                     [id=28636, stack(0x0000007d25c00000,0x0000007d25d00000) (1024K)]
  0x00000200fe906af0 WorkerThread "GC Thread#3"                     [id=21232, stack(0x0000007d25d00000,0x0000007d25e00000) (1024K)]
  0x00000200fe906ea0 WorkerThread "GC Thread#4"                     [id=25380, stack(0x0000007d25e00000,0x0000007d25f00000) (1024K)]
  0x00000200fe907250 WorkerThread "GC Thread#5"                     [id=31804, stack(0x0000007d25f00000,0x0000007d26000000) (1024K)]
  0x00000200fe5568b0 WorkerThread "GC Thread#6"                     [id=12856, stack(0x0000007d26000000,0x0000007d26100000) (1024K)]
  0x00000200fe916200 WorkerThread "GC Thread#7"                     [id=5292, stack(0x0000007d26200000,0x0000007d26300000) (1024K)]
  0x00000200fed0c3f0 WorkerThread "GC Thread#8"                     [id=16216, stack(0x0000007d26600000,0x0000007d26700000) (1024K)]
  0x00000200fef88460 WorkerThread "GC Thread#9"                     [id=6808, stack(0x0000007d26700000,0x0000007d26800000) (1024K)]
Total: 12

Threads with active compile tasks:
C2 CompilerThread0  6416 3863       4       org.lombokweb.asm.ClassReader::readMethod (1070 bytes)
C2 CompilerThread1  6417 3998       4       sun.util.locale.BaseLocale::getInstance (150 bytes)
Total: 2

VM state: not at safepoint (normal execution)

VM Mutex/Monitor currently owned by a thread: None

Heap address: 0x0000000080000000, size: 2048 MB, Compressed Oops mode: 32-bit

CDS archive(s) mapped at: [0x000002008f000000-0x000002008fba0000-0x000002008fba0000), size 12189696, SharedBaseAddress: 0x000002008f000000, ArchiveRelocationMode: 1.
Compressed class space mapped at: 0x0000020090000000-0x00000200d0000000, reserved size: 1073741824
Narrow klass base: 0x000002008f000000, Narrow klass shift: 0, Narrow klass range: 0x100000000

GC Precious Log:
 CardTable entry size: 512
 CPUs: 12 total, 12 available
 Memory: 7528M
 Large Page Support: Disabled
 NUMA Support: Disabled
 Compressed Oops: Enabled (32-bit)
 Alignments: Space 512K, Generation 512K, Heap 2M
 Heap Min Capacity: 100M
 Heap Initial Capacity: 100M
 Heap Max Capacity: 2G
 Pre-touch: Disabled
 Parallel Workers: 10

Heap:
 PSYoungGen      total 26112K, used 24547K [0x00000000d5580000, 0x00000000d7300000, 0x0000000100000000)
  eden space 23552K, 93% used [0x00000000d5580000,0x00000000d6afe7a8,0x00000000d6c80000)
  from space 2560K, 99% used [0x00000000d6e80000,0x00000000d70fa6b0,0x00000000d7100000)
  to   space 2048K, 0% used [0x00000000d7100000,0x00000000d7100000,0x00000000d7300000)
 ParOldGen       total 68608K, used 13486K [0x0000000080000000, 0x0000000084300000, 0x00000000d5580000)
  object space 68608K, 19% used [0x0000000080000000,0x0000000080d2bbd8,0x0000000084300000)
 Metaspace       used 28281K, committed 29184K, reserved 1114112K
  class space    used 2768K, committed 3136K, reserved 1048576K

Card table byte_map: [0x00000200f3db0000,0x00000200f41c0000] _byte_map_base: 0x00000200f39b0000

Marking Bits: (ParMarkBitMap*) 0x00007ffdea523450
 Begin Bits: [0x00000200f78c0000, 0x00000200f98c0000)
 End Bits:   [0x00000200f98c0000, 0x00000200fb8c0000)

Polling page: 0x00000200f2270000

Metaspace:

Usage:
  Non-class:     24.91 MB used.
      Class:      2.70 MB used.
       Both:     27.62 MB used.

Virtual space:
  Non-class space:       64.00 MB reserved,      25.44 MB ( 40%) committed,  1 nodes.
      Class space:        1.00 GB reserved,       3.06 MB ( <1%) committed,  1 nodes.
             Both:        1.06 GB reserved,      28.50 MB (  3%) committed. 

Chunk freelists:
   Non-Class:  5.98 MB
       Class:  12.89 MB
        Both:  18.87 MB

MaxMetaspaceSize: unlimited
CompressedClassSpaceSize: 1.00 GB
Initial GC threshold: 21.00 MB
Current GC threshold: 35.00 MB
CDS: on
 - commit_granule_bytes: 65536.
 - commit_granule_words: 8192.
 - virtual_space_node_default_size: 8388608.
 - enlarge_chunks_in_place: 1.
 - use_allocation_guard: 0.


Internal statistics:

num_allocs_failed_limit: 3.
num_arena_births: 670.
num_arena_deaths: 14.
num_vsnodes_births: 2.
num_vsnodes_deaths: 0.
num_space_committed: 456.
num_space_uncommitted: 0.
num_chunks_returned_to_freelist: 17.
num_chunks_taken_from_freelist: 1798.
num_chunk_merges: 9.
num_chunk_splits: 1174.
num_chunks_enlarged: 754.
num_inconsistent_stats: 0.

CodeHeap 'non-profiled nmethods': size=120000Kb used=1844Kb max_used=1844Kb free=118156Kb
 bounds [0x0000020087ad0000, 0x0000020087d40000, 0x000002008f000000]
CodeHeap 'profiled nmethods': size=120000Kb used=8338Kb max_used=8338Kb free=111661Kb
 bounds [0x0000020080000000, 0x0000020080830000, 0x0000020087530000]
CodeHeap 'non-nmethods': size=5760Kb used=1338Kb max_used=1355Kb free=4421Kb
 bounds [0x0000020087530000, 0x00000200877a0000, 0x0000020087ad0000]
CodeCache: size=245760Kb, used=11520Kb, max_used=11537Kb, free=234238Kb
 total_blobs=4661, nmethods=4031, adapters=535, full_count=0
Compilation: enabled, stopped_count=0, restarted_count=0

Compilation events (20 events):
Event: 5.327 Thread 0x00000200fdcfdef0 3990       3       sun.util.locale.LanguageTag::parseRegion (55 bytes)
Event: 5.329 Thread 0x00000200fdcfdef0 nmethod 3990 0x000002008080d190 code [0x000002008080d360, 0x000002008080d708]
Event: 5.330 Thread 0x00000200fdcfdef0 3992       3       sun.util.locale.LanguageTag::parseExtensions (208 bytes)
Event: 5.331 Thread 0x00000200d4bf2130 nmethod 3983 0x0000020087c99910 code [0x0000020087c99b00, 0x0000020087c9a438]
Event: 5.331 Thread 0x00000200d4bf2130 3999       4       java.lang.ref.SoftReference::get (29 bytes)
Event: 5.332 Thread 0x00000200d4bf2130 nmethod 3999 0x0000020087c9a910 code [0x0000020087c9aaa0, 0x0000020087c9ab50]
Event: 5.333 Thread 0x00000200d4bf2130 3998       4       sun.util.locale.BaseLocale::getInstance (150 bytes)
Event: 5.333 Thread 0x00000200fdcfdef0 nmethod 3992 0x000002008080d890 code [0x000002008080dc60, 0x000002008080f2b8]
Event: 5.333 Thread 0x00000200fdcfdef0 4004       3       java.lang.CharacterDataLatin1::toUpperCase (67 bytes)
Event: 5.333 Thread 0x00000200fdcfdef0 nmethod 4004 0x000002008080fb90 code [0x000002008080fd60, 0x0000020080810088]
Event: 5.333 Thread 0x00000200fdcfdef0 4005       3       java.lang.Character::toUpperCase (6 bytes)
Event: 5.334 Thread 0x00000200fdcfdef0 nmethod 4005 0x0000020080810110 code [0x00000200808102e0, 0x0000020080810538]
Event: 5.334 Thread 0x00000200fdcfdef0 4006       3       java.lang.Character::toUpperCase (9 bytes)
Event: 5.334 Thread 0x00000200fdcfdef0 nmethod 4006 0x0000020080810610 code [0x00000200808107c0, 0x00000200808109b8]
Event: 5.334 Thread 0x00000200fdcfdef0 3994       3       sun.util.locale.provider.LocaleProviderAdapter::lambda$toLocaleArray$0 (135 bytes)
Event: 5.334 Thread 0x00000200fdcfdef0 nmethod 3994 0x0000020080810a90 code [0x0000020080810cc0, 0x0000020080811380]
Event: 5.334 Thread 0x00000200fdcfdef0 3995       3       java.util.stream.Nodes$FixedNodeBuilder::accept (61 bytes)
Event: 5.335 Thread 0x00000200fdcfdef0 nmethod 3995 0x0000020080811590 code [0x0000020080811840, 0x00000200808126e0]
Event: 5.345 Thread 0x00000200fdcfdef0 4007       2       java.util.HashSet::contains (9 bytes)
Event: 5.345 Thread 0x00000200fdcfdef0 nmethod 4007 0x0000020080812c10 code [0x0000020080812dc0, 0x0000020080812ef8]

GC Heap History (20 events):
Event: 1.173 GC heap before
{Heap before GC invocations=1 (full 0):
 PSYoungGen      total 29696K, used 25600K [0x00000000d5580000, 0x00000000d7680000, 0x0000000100000000)
  eden space 25600K, 100% used [0x00000000d5580000,0x00000000d6e80000,0x00000000d6e80000)
  from space 4096K, 0% used [0x00000000d7280000,0x00000000d7280000,0x00000000d7680000)
  to   space 4096K, 0% used [0x00000000d6e80000,0x00000000d6e80000,0x00000000d7280000)
 ParOldGen       total 68608K, used 0K [0x0000000080000000, 0x0000000084300000, 0x00000000d5580000)
  object space 68608K, 0% used [0x0000000080000000,0x0000000080000000,0x0000000084300000)
 Metaspace       used 4348K, committed 4608K, reserved 1114112K
  class space    used 474K, committed 576K, reserved 1048576K
}
Event: 1.182 GC heap after
{Heap after GC invocations=1 (full 0):
 PSYoungGen      total 29696K, used 3319K [0x00000000d5580000, 0x00000000d7680000, 0x0000000100000000)
  eden space 25600K, 0% used [0x00000000d5580000,0x00000000d5580000,0x00000000d6e80000)
  from space 4096K, 81% used [0x00000000d6e80000,0x00000000d71bdea8,0x00000000d7280000)
  to   space 4096K, 0% used [0x00000000d7280000,0x00000000d7280000,0x00000000d7680000)
 ParOldGen       total 68608K, used 16K [0x0000000080000000, 0x0000000084300000, 0x00000000d5580000)
  object space 68608K, 0% used [0x0000000080000000,0x0000000080004000,0x0000000084300000)
 Metaspace       used 4348K, committed 4608K, reserved 1114112K
  class space    used 474K, committed 576K, reserved 1048576K
}
Event: 2.249 GC heap before
{Heap before GC invocations=2 (full 0):
 PSYoungGen      total 29696K, used 28919K [0x00000000d5580000, 0x00000000d7680000, 0x0000000100000000)
  eden space 25600K, 100% used [0x00000000d5580000,0x00000000d6e80000,0x00000000d6e80000)
  from space 4096K, 81% used [0x00000000d6e80000,0x00000000d71bdea8,0x00000000d7280000)
  to   space 4096K, 0% used [0x00000000d7280000,0x00000000d7280000,0x00000000d7680000)
 ParOldGen       total 68608K, used 16K [0x0000000080000000, 0x0000000084300000, 0x00000000d5580000)
  object space 68608K, 0% used [0x0000000080000000,0x0000000080004000,0x0000000084300000)
 Metaspace       used 7975K, committed 8256K, reserved 1114112K
  class space    used 831K, committed 960K, reserved 1048576K
}
Event: 2.258 GC heap after
{Heap after GC invocations=2 (full 0):
 PSYoungGen      total 29696K, used 4071K [0x00000000d5580000, 0x00000000d7680000, 0x0000000100000000)
  eden space 25600K, 0% used [0x00000000d5580000,0x00000000d5580000,0x00000000d6e80000)
  from space 4096K, 99% used [0x00000000d7280000,0x00000000d7679e98,0x00000000d7680000)
  to   space 4096K, 0% used [0x00000000d6e80000,0x00000000d6e80000,0x00000000d7280000)
 ParOldGen       total 68608K, used 2061K [0x0000000080000000, 0x0000000084300000, 0x00000000d5580000)
  object space 68608K, 3% used [0x0000000080000000,0x00000000802037c0,0x0000000084300000)
 Metaspace       used 7975K, committed 8256K, reserved 1114112K
  class space    used 831K, committed 960K, reserved 1048576K
}
Event: 2.793 GC heap before
{Heap before GC invocations=3 (full 0):
 PSYoungGen      total 29696K, used 29472K [0x00000000d5580000, 0x00000000d7680000, 0x0000000100000000)
  eden space 25600K, 99% used [0x00000000d5580000,0x00000000d6e4e2d0,0x00000000d6e80000)
  from space 4096K, 99% used [0x00000000d7280000,0x00000000d7679e98,0x00000000d7680000)
  to   space 4096K, 0% used [0x00000000d6e80000,0x00000000d6e80000,0x00000000d7280000)
 ParOldGen       total 68608K, used 2061K [0x0000000080000000, 0x0000000084300000, 0x00000000d5580000)
  object space 68608K, 3% used [0x0000000080000000,0x00000000802037c0,0x0000000084300000)
 Metaspace       used 9433K, committed 9728K, reserved 1114112K
  class space    used 1010K, committed 1152K, reserved 1048576K
}
Event: 2.806 GC heap after
{Heap after GC invocations=3 (full 0):
 PSYoungGen      total 29696K, used 4094K [0x00000000d5580000, 0x00000000d7680000, 0x0000000100000000)
  eden space 25600K, 0% used [0x00000000d5580000,0x00000000d5580000,0x00000000d6e80000)
  from space 4096K, 99% used [0x00000000d6e80000,0x00000000d727fab0,0x00000000d7280000)
  to   space 4096K, 0% used [0x00000000d7280000,0x00000000d7280000,0x00000000d7680000)
 ParOldGen       total 68608K, used 5168K [0x0000000080000000, 0x0000000084300000, 0x00000000d5580000)
  object space 68608K, 7% used [0x0000000080000000,0x000000008050c0a8,0x0000000084300000)
 Metaspace       used 9433K, committed 9728K, reserved 1114112K
  class space    used 1010K, committed 1152K, reserved 1048576K
}
Event: 3.389 GC heap before
{Heap before GC invocations=4 (full 0):
 PSYoungGen      total 29696K, used 29684K [0x00000000d5580000, 0x00000000d7680000, 0x0000000100000000)
  eden space 25600K, 99% used [0x00000000d5580000,0x00000000d6e7d690,0x00000000d6e80000)
  from space 4096K, 99% used [0x00000000d6e80000,0x00000000d727fab0,0x00000000d7280000)
  to   space 4096K, 0% used [0x00000000d7280000,0x00000000d7280000,0x00000000d7680000)
 ParOldGen       total 68608K, used 5168K [0x0000000080000000, 0x0000000084300000, 0x00000000d5580000)
  object space 68608K, 7% used [0x0000000080000000,0x000000008050c0a8,0x0000000084300000)
 Metaspace       used 11698K, committed 12096K, reserved 1114112K
  class space    used 1244K, committed 1408K, reserved 1048576K
}
Event: 3.395 GC heap after
{Heap after GC invocations=4 (full 0):
 PSYoungGen      total 29696K, used 4071K [0x00000000d5580000, 0x00000000d7680000, 0x0000000100000000)
  eden space 25600K, 0% used [0x00000000d5580000,0x00000000d5580000,0x00000000d6e80000)
  from space 4096K, 99% used [0x00000000d7280000,0x00000000d7679d58,0x00000000d7680000)
  to   space 4096K, 0% used [0x00000000d6e80000,0x00000000d6e80000,0x00000000d7280000)
 ParOldGen       total 68608K, used 6794K [0x0000000080000000, 0x0000000084300000, 0x00000000d5580000)
  object space 68608K, 9% used [0x0000000080000000,0x00000000806a2b58,0x0000000084300000)
 Metaspace       used 11698K, committed 12096K, reserved 1114112K
  class space    used 1244K, committed 1408K, reserved 1048576K
}
Event: 3.916 GC heap before
{Heap before GC invocations=5 (full 0):
 PSYoungGen      total 29696K, used 29671K [0x00000000d5580000, 0x00000000d7680000, 0x0000000100000000)
  eden space 25600K, 100% used [0x00000000d5580000,0x00000000d6e80000,0x00000000d6e80000)
  from space 4096K, 99% used [0x00000000d7280000,0x00000000d7679d58,0x00000000d7680000)
  to   space 4096K, 0% used [0x00000000d6e80000,0x00000000d6e80000,0x00000000d7280000)
 ParOldGen       total 68608K, used 6794K [0x0000000080000000, 0x0000000084300000, 0x00000000d5580000)
  object space 68608K, 9% used [0x0000000080000000,0x00000000806a2b58,0x0000000084300000)
 Metaspace       used 15607K, committed 16256K, reserved 1114112K
  class space    used 1627K, committed 1920K, reserved 1048576K
}
Event: 3.921 GC heap after
{Heap after GC invocations=5 (full 0):
 PSYoungGen      total 29184K, used 4070K [0x00000000d5580000, 0x00000000d7900000, 0x0000000100000000)
  eden space 25088K, 0% used [0x00000000d5580000,0x00000000d5580000,0x00000000d6e00000)
  from space 4096K, 99% used [0x00000000d6e80000,0x00000000d7279848,0x00000000d7280000)
  to   space 5632K, 0% used [0x00000000d7380000,0x00000000d7380000,0x00000000d7900000)
 ParOldGen       total 68608K, used 7957K [0x0000000080000000, 0x0000000084300000, 0x00000000d5580000)
  object space 68608K, 11% used [0x0000000080000000,0x00000000807c55c8,0x0000000084300000)
 Metaspace       used 15607K, committed 16256K, reserved 1114112K
  class space    used 1627K, committed 1920K, reserved 1048576K
}
Event: 4.435 GC heap before
{Heap before GC invocations=6 (full 0):
 PSYoungGen      total 29184K, used 29158K [0x00000000d5580000, 0x00000000d7900000, 0x0000000100000000)
  eden space 25088K, 100% used [0x00000000d5580000,0x00000000d6e00000,0x00000000d6e00000)
  from space 4096K, 99% used [0x00000000d6e80000,0x00000000d7279848,0x00000000d7280000)
  to   space 5632K, 0% used [0x00000000d7380000,0x00000000d7380000,0x00000000d7900000)
 ParOldGen       total 68608K, used 7957K [0x0000000080000000, 0x0000000084300000, 0x00000000d5580000)
  object space 68608K, 11% used [0x0000000080000000,0x00000000807c55c8,0x0000000084300000)
 Metaspace       used 18652K, committed 19392K, reserved 1114112K
  class space    used 1966K, committed 2240K, reserved 1048576K
}
Event: 4.443 GC heap after
{Heap after GC invocations=6 (full 0):
 PSYoungGen      total 29696K, used 4998K [0x00000000d5580000, 0x00000000d7880000, 0x0000000100000000)
  eden space 24576K, 0% used [0x00000000d5580000,0x00000000d5580000,0x00000000d6d80000)
  from space 5120K, 97% used [0x00000000d7380000,0x00000000d7861818,0x00000000d7880000)
  to   space 5632K, 0% used [0x00000000d6d80000,0x00000000d6d80000,0x00000000d7300000)
 ParOldGen       total 68608K, used 7965K [0x0000000080000000, 0x0000000084300000, 0x00000000d5580000)
  object space 68608K, 11% used [0x0000000080000000,0x00000000807c75c8,0x0000000084300000)
 Metaspace       used 18652K, committed 19392K, reserved 1114112K
  class space    used 1966K, committed 2240K, reserved 1048576K
}
Event: 4.683 GC heap before
{Heap before GC invocations=7 (full 0):
 PSYoungGen      total 29696K, used 25449K [0x00000000d5580000, 0x00000000d7880000, 0x0000000100000000)
  eden space 24576K, 83% used [0x00000000d5580000,0x00000000d6978f70,0x00000000d6d80000)
  from space 5120K, 97% used [0x00000000d7380000,0x00000000d7861818,0x00000000d7880000)
  to   space 5632K, 0% used [0x00000000d6d80000,0x00000000d6d80000,0x00000000d7300000)
 ParOldGen       total 68608K, used 7965K [0x0000000080000000, 0x0000000084300000, 0x00000000d5580000)
  object space 68608K, 11% used [0x0000000080000000,0x00000000807c75c8,0x0000000084300000)
 Metaspace       used 20735K, committed 21504K, reserved 1114112K
  class space    used 2199K, committed 2560K, reserved 1048576K
}
Event: 4.691 GC heap after
{Heap after GC invocations=7 (full 0):
 PSYoungGen      total 29184K, used 4583K [0x00000000d5580000, 0x00000000d7780000, 0x0000000100000000)
  eden space 24576K, 0% used [0x00000000d5580000,0x00000000d5580000,0x00000000d6d80000)
  from space 4608K, 99% used [0x00000000d6d80000,0x00000000d71f9fc0,0x00000000d7200000)
  to   space 5120K, 0% used [0x00000000d7280000,0x00000000d7280000,0x00000000d7780000)
 ParOldGen       total 68608K, used 9625K [0x0000000080000000, 0x0000000084300000, 0x00000000d5580000)
  object space 68608K, 14% used [0x0000000080000000,0x00000000809665b8,0x0000000084300000)
 Metaspace       used 20735K, committed 21504K, reserved 1114112K
  class space    used 2199K, committed 2560K, reserved 1048576K
}
Event: 4.691 GC heap before
{Heap before GC invocations=8 (full 1):
 PSYoungGen      total 29184K, used 4583K [0x00000000d5580000, 0x00000000d7780000, 0x0000000100000000)
  eden space 24576K, 0% used [0x00000000d5580000,0x00000000d5580000,0x00000000d6d80000)
  from space 4608K, 99% used [0x00000000d6d80000,0x00000000d71f9fc0,0x00000000d7200000)
  to   space 5120K, 0% used [0x00000000d7280000,0x00000000d7280000,0x00000000d7780000)
 ParOldGen       total 68608K, used 9625K [0x0000000080000000, 0x0000000084300000, 0x00000000d5580000)
  object space 68608K, 14% used [0x0000000080000000,0x00000000809665b8,0x0000000084300000)
 Metaspace       used 20735K, committed 21504K, reserved 1114112K
  class space    used 2199K, committed 2560K, reserved 1048576K
}
Event: 4.726 GC heap after
{Heap after GC invocations=8 (full 1):
 PSYoungGen      total 29184K, used 0K [0x00000000d5580000, 0x00000000d7780000, 0x0000000100000000)
  eden space 24576K, 0% used [0x00000000d5580000,0x00000000d5580000,0x00000000d6d80000)
  from space 4608K, 0% used [0x00000000d6d80000,0x00000000d6d80000,0x00000000d7200000)
  to   space 5120K, 0% used [0x00000000d7280000,0x00000000d7280000,0x00000000d7780000)
 ParOldGen       total 68608K, used 13478K [0x0000000080000000, 0x0000000084300000, 0x00000000d5580000)
  object space 68608K, 19% used [0x0000000080000000,0x0000000080d29bd8,0x0000000084300000)
 Metaspace       used 20723K, committed 21504K, reserved 1114112K
  class space    used 2195K, committed 2560K, reserved 1048576K
}
Event: 4.911 GC heap before
{Heap before GC invocations=9 (full 1):
 PSYoungGen      total 29184K, used 24576K [0x00000000d5580000, 0x00000000d7780000, 0x0000000100000000)
  eden space 24576K, 100% used [0x00000000d5580000,0x00000000d6d80000,0x00000000d6d80000)
  from space 4608K, 0% used [0x00000000d6d80000,0x00000000d6d80000,0x00000000d7200000)
  to   space 5120K, 0% used [0x00000000d7280000,0x00000000d7280000,0x00000000d7780000)
 ParOldGen       total 68608K, used 13478K [0x0000000080000000, 0x0000000084300000, 0x00000000d5580000)
  object space 68608K, 19% used [0x0000000080000000,0x0000000080d29bd8,0x0000000084300000)
 Metaspace       used 23384K, committed 24192K, reserved 1114112K
  class space    used 2361K, committed 2688K, reserved 1048576K
}
Event: 4.913 GC heap after
{Heap after GC invocations=9 (full 1):
 PSYoungGen      total 25088K, used 737K [0x00000000d5580000, 0x00000000d7380000, 0x0000000100000000)
  eden space 24064K, 0% used [0x00000000d5580000,0x00000000d5580000,0x00000000d6d00000)
  from space 1024K, 71% used [0x00000000d7280000,0x00000000d7338400,0x00000000d7380000)
  to   space 2560K, 0% used [0x00000000d6e80000,0x00000000d6e80000,0x00000000d7100000)
 ParOldGen       total 68608K, used 13478K [0x0000000080000000, 0x0000000084300000, 0x00000000d5580000)
  object space 68608K, 19% used [0x0000000080000000,0x0000000080d29bd8,0x0000000084300000)
 Metaspace       used 23384K, committed 24192K, reserved 1114112K
  class space    used 2361K, committed 2688K, reserved 1048576K
}
Event: 5.116 GC heap before
{Heap before GC invocations=10 (full 1):
 PSYoungGen      total 25088K, used 24801K [0x00000000d5580000, 0x00000000d7380000, 0x0000000100000000)
  eden space 24064K, 100% used [0x00000000d5580000,0x00000000d6d00000,0x00000000d6d00000)
  from space 1024K, 71% used [0x00000000d7280000,0x00000000d7338400,0x00000000d7380000)
  to   space 2560K, 0% used [0x00000000d6e80000,0x00000000d6e80000,0x00000000d7100000)
 ParOldGen       total 68608K, used 13478K [0x0000000080000000, 0x0000000084300000, 0x00000000d5580000)
  object space 68608K, 19% used [0x0000000080000000,0x0000000080d29bd8,0x0000000084300000)
 Metaspace       used 26418K, committed 27200K, reserved 1114112K
  class space    used 2601K, committed 2944K, reserved 1048576K
}
Event: 5.118 GC heap after
{Heap after GC invocations=10 (full 1):
 PSYoungGen      total 26112K, used 2537K [0x00000000d5580000, 0x00000000d7300000, 0x0000000100000000)
  eden space 23552K, 0% used [0x00000000d5580000,0x00000000d5580000,0x00000000d6c80000)
  from space 2560K, 99% used [0x00000000d6e80000,0x00000000d70fa6b0,0x00000000d7100000)
  to   space 2048K, 0% used [0x00000000d7100000,0x00000000d7100000,0x00000000d7300000)
 ParOldGen       total 68608K, used 13486K [0x0000000080000000, 0x0000000084300000, 0x00000000d5580000)
  object space 68608K, 19% used [0x0000000080000000,0x0000000080d2bbd8,0x0000000084300000)
 Metaspace       used 26418K, committed 27200K, reserved 1114112K
  class space    used 2601K, committed 2944K, reserved 1048576K
}

Dll operation events (10 events):
Event: 0.022 Loaded shared library c:\Users\deboj\.vscode\extensions\redhat.java-1.53.0-win32-x64\jre\21.0.10-win32-x86_64\bin\java.dll
Event: 0.120 Loaded shared library c:\Users\deboj\.vscode\extensions\redhat.java-1.53.0-win32-x64\jre\21.0.10-win32-x86_64\bin\zip.dll
Event: 0.152 Loaded shared library C:\Users\deboj\.vscode\extensions\redhat.java-1.53.0-win32-x64\jre\21.0.10-win32-x86_64\bin\instrument.dll
Event: 0.160 Loaded shared library C:\Users\deboj\.vscode\extensions\redhat.java-1.53.0-win32-x64\jre\21.0.10-win32-x86_64\bin\net.dll
Event: 0.165 Loaded shared library C:\Users\deboj\.vscode\extensions\redhat.java-1.53.0-win32-x64\jre\21.0.10-win32-x86_64\bin\nio.dll
Event: 0.170 Loaded shared library C:\Users\deboj\.vscode\extensions\redhat.java-1.53.0-win32-x64\jre\21.0.10-win32-x86_64\bin\zip.dll
Event: 0.195 Loaded shared library C:\Users\deboj\.vscode\extensions\redhat.java-1.53.0-win32-x64\jre\21.0.10-win32-x86_64\bin\jimage.dll
Event: 0.305 Loaded shared library c:\Users\deboj\.vscode\extensions\redhat.java-1.53.0-win32-x64\jre\21.0.10-win32-x86_64\bin\verify.dll
Event: 2.274 Loaded shared library C:\Users\deboj\AppData\Roaming\Code\User\globalStorage\redhat.java\1.53.0\config_win\org.eclipse.equinox.launcher\org.eclipse.equinox.launcher.win32.win32.x86_64_1.3.0.v20260203-2149\eclipse_11919.dll
Event: 4.078 Loaded shared library C:\Users\deboj\AppData\Local\Temp\jna-95458716\jna3271729478894347425.dll

Deoptimization events (20 events):
Event: 5.328 Thread 0x00000200fe91ddd0 Uncommon trap: trap_request=0xffffffc6 fr.pc=0x0000020087b881f8 relative=0x0000000000000a18
Event: 5.329 Thread 0x00000200fe91ddd0 Uncommon trap: reason=bimorphic_or_optimized_type_check action=maybe_recompile pc=0x0000020087b881f8 method=java.util.HashMap.putVal(ILjava/lang/Object;Ljava/lang/Object;ZZ)Ljava/lang/Object; @ 56 c2
Event: 5.329 Thread 0x00000200fe91ddd0 DEOPT PACKING pc=0x0000020087b881f8 sp=0x0000007d265fdec0
Event: 5.329 Thread 0x00000200fe91ddd0 DEOPT UNPACKING pc=0x0000020087583aa2 sp=0x0000007d265fddc0 mode 2
Event: 5.329 Thread 0x00000200fe91ddd0 Uncommon trap: trap_request=0xffffffc6 fr.pc=0x0000020087b881f8 relative=0x0000000000000a18
Event: 5.329 Thread 0x00000200fe91ddd0 Uncommon trap: reason=bimorphic_or_optimized_type_check action=maybe_recompile pc=0x0000020087b881f8 method=java.util.HashMap.putVal(ILjava/lang/Object;Ljava/lang/Object;ZZ)Ljava/lang/Object; @ 56 c2
Event: 5.329 Thread 0x00000200fe91ddd0 DEOPT PACKING pc=0x0000020087b881f8 sp=0x0000007d265fdec0
Event: 5.329 Thread 0x00000200fe91ddd0 DEOPT UNPACKING pc=0x0000020087583aa2 sp=0x0000007d265fddc0 mode 2
Event: 5.329 Thread 0x00000200fe91ddd0 Uncommon trap: trap_request=0xffffffc6 fr.pc=0x0000020087b881f8 relative=0x0000000000000a18
Event: 5.330 Thread 0x00000200fe91ddd0 Uncommon trap: reason=bimorphic_or_optimized_type_check action=maybe_recompile pc=0x0000020087b881f8 method=java.util.HashMap.putVal(ILjava/lang/Object;Ljava/lang/Object;ZZ)Ljava/lang/Object; @ 56 c2
Event: 5.330 Thread 0x00000200fe91ddd0 DEOPT PACKING pc=0x0000020087b881f8 sp=0x0000007d265fdec0
Event: 5.330 Thread 0x00000200fe91ddd0 DEOPT UNPACKING pc=0x0000020087583aa2 sp=0x0000007d265fddc0 mode 2
Event: 5.330 Thread 0x00000200fe91ddd0 Uncommon trap: trap_request=0xffffffc6 fr.pc=0x0000020087b88250 relative=0x0000000000000a70
Event: 5.330 Thread 0x00000200fe91ddd0 Uncommon trap: reason=bimorphic_or_optimized_type_check action=maybe_recompile pc=0x0000020087b88250 method=java.util.HashMap.putVal(ILjava/lang/Object;Ljava/lang/Object;ZZ)Ljava/lang/Object; @ 152 c2
Event: 5.330 Thread 0x00000200fe91ddd0 DEOPT PACKING pc=0x0000020087b88250 sp=0x0000007d265fdec0
Event: 5.330 Thread 0x00000200fe91ddd0 DEOPT UNPACKING pc=0x0000020087583aa2 sp=0x0000007d265fddc8 mode 2
Event: 5.330 Thread 0x00000200fe91ddd0 Uncommon trap: trap_request=0xffffffc6 fr.pc=0x0000020087b881f8 relative=0x0000000000000a18
Event: 5.330 Thread 0x00000200fe91ddd0 Uncommon trap: reason=bimorphic_or_optimized_type_check action=maybe_recompile pc=0x0000020087b881f8 method=java.util.HashMap.putVal(ILjava/lang/Object;Ljava/lang/Object;ZZ)Ljava/lang/Object; @ 56 c2
Event: 5.330 Thread 0x00000200fe91ddd0 DEOPT PACKING pc=0x0000020087b881f8 sp=0x0000007d265fdec0
Event: 5.330 Thread 0x00000200fe91ddd0 DEOPT UNPACKING pc=0x0000020087583aa2 sp=0x0000007d265fddc0 mode 2

Classes loaded (20 events):
Event: 5.288 Loading class com/sun/org/apache/xerces/internal/impl/msg/XMLMessages_en
Event: 5.288 Loading class com/sun/org/apache/xerces/internal/impl/msg/XMLMessages_en done
Event: 5.288 Loading class com/sun/org/apache/xerces/internal/impl/msg/XMLMessages_en_IN
Event: 5.288 Loading class com/sun/org/apache/xerces/internal/impl/msg/XMLMessages_en_IN done
Event: 5.288 Loading class com/sun/org/apache/xerces/internal/impl/msg/XMLMessages_en_IN
Event: 5.288 Loading class com/sun/org/apache/xerces/internal/impl/msg/XMLMessages_en_IN done
Event: 5.325 Loading class java/lang/ProcessEnvironment
Event: 5.325 Loading class java/lang/ProcessEnvironment done
Event: 5.326 Loading class java/lang/ProcessEnvironment$NameComparator
Event: 5.326 Loading class java/lang/ProcessEnvironment$NameComparator done
Event: 5.326 Loading class java/lang/ProcessEnvironment$EntryComparator
Event: 5.327 Loading class java/lang/ProcessEnvironment$EntryComparator done
Event: 5.330 Loading class java/lang/ProcessEnvironment$CheckedEntrySet
Event: 5.331 Loading class java/lang/ProcessEnvironment$CheckedEntrySet done
Event: 5.331 Loading class java/lang/ProcessEnvironment$CheckedEntrySet$1
Event: 5.331 Loading class java/lang/ProcessEnvironment$CheckedEntrySet$1 done
Event: 5.331 Loading class java/lang/ProcessEnvironment$CheckedEntry
Event: 5.331 Loading class java/lang/ProcessEnvironment$CheckedEntry done
Event: 5.343 Loading class java/util/UUID$Holder
Event: 5.344 Loading class java/util/UUID$Holder done

Classes unloaded (7 events):
Event: 4.698 Thread 0x00000200f44ceb10 Unloading class 0x00000200901a9400 'java/lang/invoke/LambdaForm$MH+0x00000200901a9400'
Event: 4.698 Thread 0x00000200f44ceb10 Unloading class 0x00000200901a9000 'java/lang/invoke/LambdaForm$MH+0x00000200901a9000'
Event: 4.698 Thread 0x00000200f44ceb10 Unloading class 0x00000200901a8c00 'java/lang/invoke/LambdaForm$MH+0x00000200901a8c00'
Event: 4.698 Thread 0x00000200f44ceb10 Unloading class 0x00000200901a8800 'java/lang/invoke/LambdaForm$MH+0x00000200901a8800'
Event: 4.698 Thread 0x00000200f44ceb10 Unloading class 0x00000200901a8400 'java/lang/invoke/LambdaForm$BMH+0x00000200901a8400'
Event: 4.698 Thread 0x00000200f44ceb10 Unloading class 0x00000200901a8000 'java/lang/invoke/LambdaForm$DMH+0x00000200901a8000'
Event: 4.698 Thread 0x00000200f44ceb10 Unloading class 0x00000200901a6c00 'java/lang/invoke/LambdaForm$DMH+0x00000200901a6c00'

Classes redefined (0 events):
No events

Internal exceptions (20 events):
Event: 4.133 Thread 0x00000200fe91ddd0 Exception <a 'java/lang/NoSuchMethodError'{0x00000000d5dd2840}: 'java.lang.Object java.lang.invoke.DirectMethodHandle$Holder.invokeSpecial(java.lang.Object, java.lang.Object, java.lang.Object, java.lang.Object, long)'> (0x00000000d5dd2840) 
thrown [s\src\hotspot\share\interpreter\linkResolver.cpp, line 773]
Event: 4.133 Thread 0x00000200fe91ddd0 Exception <a 'java/lang/NoSuchMethodError'{0x00000000d5dd6460}: 'java.lang.Object java.lang.invoke.Invokers$Holder.linkToTargetMethod(java.lang.Object, java.lang.Object, long, java.lang.Object)'> (0x00000000d5dd6460) 
thrown [s\src\hotspot\share\interpreter\linkResolver.cpp, line 773]
Event: 4.143 Thread 0x00000200fe91ddd0 Exception <a 'java/lang/NoSuchMethodError'{0x00000000d5e37db8}: 'int java.lang.invoke.DirectMethodHandle$Holder.invokeStaticInit(java.lang.Object, java.lang.Object, java.lang.Object)'> (0x00000000d5e37db8) 
thrown [s\src\hotspot\share\interpreter\linkResolver.cpp, line 773]
Event: 4.156 Thread 0x00000200fe91ddd0 Exception <a 'java/lang/IncompatibleClassChangeError'{0x00000000d5effbd0}: Found class java.lang.Object, but interface was expected> (0x00000000d5effbd0) 
thrown [s\src\hotspot\share\interpreter\linkResolver.cpp, line 840]
Event: 4.163 Thread 0x00000200fe91ddd0 Exception <a 'java/lang/NoSuchMethodError'{0x00000000d5f134c0}: 'java.lang.Object java.lang.invoke.DirectMethodHandle$Holder.invokeSpecial(java.lang.Object, java.lang.Object, java.lang.Object, int, java.lang.Object, java.lang.Object)'> (0x00000000d5f134c0) 
thrown [s\src\hotspot\share\interpreter\linkResolver.cpp, line 773]
Event: 4.164 Thread 0x00000200fe91ddd0 Exception <a 'java/lang/NoSuchMethodError'{0x00000000d5f1aed8}: 'java.lang.Object java.lang.invoke.DirectMethodHandle$Holder.newInvokeSpecial(java.lang.Object, java.lang.Object, java.lang.Object, int, java.lang.Object)'> (0x00000000d5f1aed8) 
thrown [s\src\hotspot\share\interpreter\linkResolver.cpp, line 773]
Event: 4.164 Thread 0x00000200fe91ddd0 Exception <a 'java/lang/NoSuchMethodError'{0x00000000d5f1ee58}: 'java.lang.Object java.lang.invoke.DirectMethodHandle$Holder.invokeSpecial(java.lang.Object, java.lang.Object, java.lang.Object, java.lang.Object, int, java.lang.Object)'> (0x00000000d5f1ee58) 
thrown [s\src\hotspot\share\interpreter\linkResolver.cpp, line 773]
Event: 4.164 Thread 0x00000200fe91ddd0 Exception <a 'java/lang/NoSuchMethodError'{0x00000000d5f22998}: 'java.lang.Object java.lang.invoke.Invokers$Holder.linkToTargetMethod(java.lang.Object, java.lang.Object, int, java.lang.Object, java.lang.Object)'> (0x00000000d5f22998) 
thrown [s\src\hotspot\share\interpreter\linkResolver.cpp, line 773]
Event: 4.165 Thread 0x00000200ff14c950 Exception <a 'java/lang/NoSuchMethodError'{0x00000000d5e47d78}: 'java.lang.Object java.lang.invoke.DirectMethodHandle$Holder.invokeSpecial(java.lang.Object, java.lang.Object, int, java.lang.Object, java.lang.Object)'> (0x00000000d5e47d78) 
thrown [s\src\hotspot\share\interpreter\linkResolver.cpp, line 773]
Event: 4.182 Thread 0x00000200fe91ddd0 Exception <a 'java/lang/NoSuchMethodError'{0x00000000d602d0d0}: 'void java.lang.invoke.DirectMethodHandle$Holder.invokeSpecial(java.lang.Object, java.lang.Object, java.lang.Object, java.lang.Object, java.lang.Object)'> (0x00000000d602d0d0) 
thrown [s\src\hotspot\share\interpreter\linkResolver.cpp, line 773]
Event: 4.307 Thread 0x00000200fe91ddd0 Exception <a 'java/lang/NoSuchMethodError'{0x00000000d67ed2f0}: 'java.lang.Object java.lang.invoke.DirectMethodHandle$Holder.invokeInterface(java.lang.Object, java.lang.Object, java.lang.Object)'> (0x00000000d67ed2f0) 
thrown [s\src\hotspot\share\interpreter\linkResolver.cpp, line 773]
Event: 4.399 Thread 0x00000200fe91ddd0 Exception <a 'java/lang/NoSuchMethodError'{0x00000000d6c6ee38}: 'java.lang.Object java.lang.invoke.Invokers$Holder.linkToTargetMethod(java.lang.Object, long, java.lang.Object, java.lang.Object)'> (0x00000000d6c6ee38) 
thrown [s\src\hotspot\share\interpreter\linkResolver.cpp, line 773]
Event: 4.611 Thread 0x00000200fe91ddd0 Exception <a 'java/lang/NoSuchMethodError'{0x00000000d646e238}: 'long java.lang.invoke.Invokers$Holder.invokeExact_MT(java.lang.Object, java.lang.Object)'> (0x00000000d646e238) 
thrown [s\src\hotspot\share\interpreter\linkResolver.cpp, line 773]
Event: 4.749 Thread 0x00000200fe91ddd0 Exception <a 'java/lang/NoSuchMethodError'{0x00000000d5743188}: 'double java.lang.invoke.DirectMethodHandle$Holder.invokeStatic(java.lang.Object, java.lang.Object)'> (0x00000000d5743188) 
thrown [s\src\hotspot\share\interpreter\linkResolver.cpp, line 773]
Event: 4.749 Thread 0x00000200fe91ddd0 Exception <a 'java/lang/NoSuchMethodError'{0x00000000d5746818}: 'double java.lang.invoke.DirectMethodHandle$Holder.invokeStaticInit(java.lang.Object, java.lang.Object)'> (0x00000000d5746818) 
thrown [s\src\hotspot\share\interpreter\linkResolver.cpp, line 773]
Event: 5.008 Thread 0x00000200fe91ddd0 Implicit null exception at 0x0000020087c8c6f5 to 0x0000020087c8c7d0
Event: 5.126 Thread 0x00000200fe91ddd0 Exception <a 'java/lang/NoSuchMethodError'{0x00000000d5cadd70}: 'java.lang.Object java.lang.invoke.DirectMethodHandle$Holder.newInvokeSpecial(java.lang.Object, int, java.lang.Object, java.lang.Object)'> (0x00000000d5cadd70) 
thrown [s\src\hotspot\share\interpreter\linkResolver.cpp, line 773]
Event: 5.285 Thread 0x00000200fe91ddd0 Exception <a 'java/lang/ClassNotFoundException'{0x00000000d656a360}: com/sun/org/apache/xerces/internal/impl/msg/spi/DOMMessagesProvider> (0x00000000d656a360) 
thrown [s\src\hotspot\share\classfile\systemDictionary.cpp, line 312]
Event: 5.286 Thread 0x00000200fe91ddd0 Exception <a 'java/lang/ClassNotFoundException'{0x00000000d657bac8}: com/sun/org/apache/xerces/internal/impl/msg/spi/XMLSerializerMessagesProvider> (0x00000000d657bac8) 
thrown [s\src\hotspot\share\classfile\systemDictionary.cpp, line 312]
Event: 5.286 Thread 0x00000200fe91ddd0 Exception <a 'java/lang/ClassNotFoundException'{0x00000000d6588de8}: com/sun/org/apache/xerces/internal/impl/msg/spi/XMLMessagesProvider> (0x00000000d6588de8) 
thrown [s\src\hotspot\share\classfile\systemDictionary.cpp, line 312]

ZGC Phase Switch (0 events):
No events

VM Operations (20 events):
Event: 4.084 Executing non-safepoint VM operation: HandshakeAllThreads (Deoptimize) done
Event: 4.235 Executing non-safepoint VM operation: HandshakeAllThreads (Deoptimize)
Event: 4.235 Executing non-safepoint VM operation: HandshakeAllThreads (Deoptimize) done
Event: 4.271 Executing non-safepoint VM operation: HandshakeAllThreads (Deoptimize)
Event: 4.271 Executing non-safepoint VM operation: HandshakeAllThreads (Deoptimize) done
Event: 4.276 Executing non-safepoint VM operation: HandshakeAllThreads (Deoptimize)
Event: 4.276 Executing non-safepoint VM operation: HandshakeAllThreads (Deoptimize) done
Event: 4.355 Executing safepoint VM operation: ICBufferFull
Event: 4.356 Executing safepoint VM operation: ICBufferFull done
Event: 4.435 Executing safepoint VM operation: ParallelGCFailedAllocation (Allocation Failure)
Event: 4.443 Executing safepoint VM operation: ParallelGCFailedAllocation (Allocation Failure) done
Event: 4.682 Executing safepoint VM operation: CollectForMetadataAllocation (Metadata GC Threshold)
Event: 4.726 Executing safepoint VM operation: CollectForMetadataAllocation (Metadata GC Threshold) done
Event: 4.911 Executing safepoint VM operation: ParallelGCFailedAllocation (Allocation Failure)
Event: 4.913 Executing safepoint VM operation: ParallelGCFailedAllocation (Allocation Failure) done
Event: 5.116 Executing safepoint VM operation: ParallelGCFailedAllocation (Allocation Failure)
Event: 5.118 Executing safepoint VM operation: ParallelGCFailedAllocation (Allocation Failure) done
Event: 5.326 Executing non-safepoint VM operation: HandshakeAllThreads (Deoptimize)
Event: 5.326 Executing non-safepoint VM operation: HandshakeAllThreads (Deoptimize) done
Event: 6.328 Executing safepoint VM operation: Cleanup

Memory protections (0 events):
No events

Nmethod flushes (0 events):
No events

Events (20 events):
Event: 0.156 Thread 0x00000200f4413bf0 Thread added: 0x00000200fdeee940
Event: 0.301 Thread 0x00000200fdcf9b60 Thread added: 0x00000200fe04ada0
Event: 0.450 Thread 0x00000200f4413bf0 Thread added: 0x00000200fe09a6e0
Event: 0.550 Thread 0x00000200fdcfdef0 Thread added: 0x00000200fe188df0
Event: 1.234 Thread 0x00000200fe188df0 Thread exited: 0x00000200fe188df0
Event: 1.566 Thread 0x00000200fdcfdef0 Thread added: 0x00000200fe6354c0
Event: 1.936 Thread 0x00000200f4413bf0 Thread added: 0x00000200fe8286f0
Event: 2.267 Thread 0x00000200f4413bf0 Thread added: 0x00000200fe7b2100
Event: 2.331 Thread 0x00000200fe7b2100 Thread added: 0x00000200fe918e40
Event: 2.335 Thread 0x00000200f4413bf0 Thread added: 0x00000200fe91ddd0
Event: 2.880 Thread 0x00000200fe91ddd0 Thread added: 0x00000200ff0fe820
Event: 3.344 Thread 0x00000200fe91ddd0 Thread added: 0x00000200fe9701f0
Event: 3.668 Thread 0x00000200fe91ddd0 Thread added: 0x00000200feddf720
Event: 3.682 Thread 0x00000200fe6354c0 Thread exited: 0x00000200fe6354c0
Event: 4.100 Thread 0x00000200fe91ddd0 Thread added: 0x00000200ff14af10
Event: 4.135 Thread 0x00000200fe91ddd0 Thread added: 0x00000200ff14c950
Event: 4.166 Thread 0x00000200fe91ddd0 Thread added: 0x00000200ff14b5a0
Event: 4.940 Thread 0x00000200fe04ada0 Thread exited: 0x00000200fe04ada0
Event: 5.184 Thread 0x00000200fdcfdef0 Thread added: 0x00000200d4bf2130
Event: 5.299 Thread 0x00000200fe91ddd0 Thread added: 0x00000200ff14c2c0


Dynamic libraries:
0x00007ff6dac70000 - 0x00007ff6dac7e000 	c:\Users\deboj\.vscode\extensions\redhat.java-1.53.0-win32-x64\jre\21.0.10-win32-x86_64\bin\java.exe
0x00007ffe94f20000 - 0x00007ffe95187000 	C:\WINDOWS\SYSTEM32\ntdll.dll
0x00007ffe93540000 - 0x00007ffe93609000 	C:\WINDOWS\System32\KERNEL32.DLL
0x00007ffe91a20000 - 0x00007ffe91e11000 	C:\WINDOWS\System32\KERNELBASE.dll
0x00007ffe91eb0000 - 0x00007ffe91ffb000 	C:\WINDOWS\System32\ucrtbase.dll
0x00007ffe6e3a0000 - 0x00007ffe6e3be000 	c:\Users\deboj\.vscode\extensions\redhat.java-1.53.0-win32-x64\jre\21.0.10-win32-x86_64\bin\VCRUNTIME140.dll
0x00007ffe7a7e0000 - 0x00007ffe7a7f8000 	c:\Users\deboj\.vscode\extensions\redhat.java-1.53.0-win32-x64\jre\21.0.10-win32-x86_64\bin\jli.dll
0x00007ffe94980000 - 0x00007ffe94b45000 	C:\WINDOWS\System32\USER32.dll
0x00007ffe92be0000 - 0x00007ffe92c07000 	C:\WINDOWS\System32\win32u.dll
0x00007ffe7f040000 - 0x00007ffe7f2d3000 	C:\WINDOWS\WinSxS\amd64_microsoft.windows.common-controls_6595b64144ccf1df_6.0.26100.8037_none_3e092faae333b53b\COMCTL32.dll
0x00007ffe936a0000 - 0x00007ffe936cb000 	C:\WINDOWS\System32\GDI32.dll
0x00007ffe932a0000 - 0x00007ffe93349000 	C:\WINDOWS\System32\msvcrt.dll
0x00007ffe920c0000 - 0x00007ffe921eb000 	C:\WINDOWS\System32\gdi32full.dll
0x00007ffe91800000 - 0x00007ffe918a3000 	C:\WINDOWS\System32\msvcp_win.dll
0x00007ffe92cc0000 - 0x00007ffe92cf1000 	C:\WINDOWS\System32\IMM32.DLL
0x00007ffe829d0000 - 0x00007ffe829dc000 	c:\Users\deboj\.vscode\extensions\redhat.java-1.53.0-win32-x64\jre\21.0.10-win32-x86_64\bin\vcruntime140_1.dll
0x00007ffe2c920000 - 0x00007ffe2c9ad000 	c:\Users\deboj\.vscode\extensions\redhat.java-1.53.0-win32-x64\jre\21.0.10-win32-x86_64\bin\msvcp140.dll
0x00007ffde9860000 - 0x00007ffdea601000 	c:\Users\deboj\.vscode\extensions\redhat.java-1.53.0-win32-x64\jre\21.0.10-win32-x86_64\bin\server\jvm.dll
0x00007ffe94590000 - 0x00007ffe9464b000 	C:\WINDOWS\System32\ADVAPI32.dll
0x00007ffe936d0000 - 0x00007ffe93777000 	C:\WINDOWS\System32\sechost.dll
0x00007ffe93bc0000 - 0x00007ffe93cd8000 	C:\WINDOWS\System32\RPCRT4.dll
0x00007ffe937f0000 - 0x00007ffe93864000 	C:\WINDOWS\System32\WS2_32.dll
0x00007ffe91660000 - 0x00007ffe916be000 	C:\WINDOWS\SYSTEM32\POWRPROF.dll
0x00007ffe8adb0000 - 0x00007ffe8adbb000 	C:\WINDOWS\SYSTEM32\VERSION.dll
0x00007ffe8ad70000 - 0x00007ffe8ada5000 	C:\WINDOWS\SYSTEM32\WINMM.dll
0x00007ffe91640000 - 0x00007ffe91654000 	C:\WINDOWS\SYSTEM32\UMPDC.dll
0x00007ffe90590000 - 0x00007ffe905ab000 	C:\WINDOWS\SYSTEM32\kernel.appcore.dll
0x00007ffe80020000 - 0x00007ffe8002a000 	c:\Users\deboj\.vscode\extensions\redhat.java-1.53.0-win32-x64\jre\21.0.10-win32-x86_64\bin\jimage.dll
0x00007ffe84730000 - 0x00007ffe84972000 	C:\WINDOWS\SYSTEM32\DBGHELP.DLL
0x00007ffe94b50000 - 0x00007ffe94ed2000 	C:\WINDOWS\System32\combase.dll
0x00007ffe93a60000 - 0x00007ffe93b37000 	C:\WINDOWS\System32\OLEAUT32.dll
0x00007ffe7b360000 - 0x00007ffe7b39b000 	C:\WINDOWS\SYSTEM32\dbgcore.DLL
0x00007ffe92c10000 - 0x00007ffe92cb5000 	C:\WINDOWS\System32\bcryptPrimitives.dll
0x00007ffe7b250000 - 0x00007ffe7b25f000 	c:\Users\deboj\.vscode\extensions\redhat.java-1.53.0-win32-x64\jre\21.0.10-win32-x86_64\bin\instrument.dll
0x00007ffe600a0000 - 0x00007ffe600c0000 	c:\Users\deboj\.vscode\extensions\redhat.java-1.53.0-win32-x64\jre\21.0.10-win32-x86_64\bin\java.dll
0x00007ffe93d60000 - 0x00007ffe944bf000 	C:\WINDOWS\System32\SHELL32.dll
0x00007ffe918b0000 - 0x00007ffe91a1a000 	C:\WINDOWS\System32\wintypes.dll
0x00007ffe921f0000 - 0x00007ffe92a54000 	C:\WINDOWS\System32\windows.storage.dll
0x00007ffe92d10000 - 0x00007ffe92e07000 	C:\WINDOWS\System32\SHCORE.dll
0x00007ffe93780000 - 0x00007ffe937e7000 	C:\WINDOWS\System32\shlwapi.dll
0x00007ffe91720000 - 0x00007ffe91749000 	C:\WINDOWS\SYSTEM32\profapi.dll
0x00007ffe5eef0000 - 0x00007ffe5ef08000 	c:\Users\deboj\.vscode\extensions\redhat.java-1.53.0-win32-x64\jre\21.0.10-win32-x86_64\bin\zip.dll
0x00007ffe7a700000 - 0x00007ffe7a710000 	C:\Users\deboj\.vscode\extensions\redhat.java-1.53.0-win32-x64\jre\21.0.10-win32-x86_64\bin\net.dll
0x00007ffe88570000 - 0x00007ffe88697000 	C:\WINDOWS\SYSTEM32\WINHTTP.dll
0x00007ffe90b00000 - 0x00007ffe90b6b000 	C:\WINDOWS\system32\mswsock.dll
0x00007ffe5a3b0000 - 0x00007ffe5a3c6000 	C:\Users\deboj\.vscode\extensions\redhat.java-1.53.0-win32-x64\jre\21.0.10-win32-x86_64\bin\nio.dll
0x00007ffe79530000 - 0x00007ffe79540000 	c:\Users\deboj\.vscode\extensions\redhat.java-1.53.0-win32-x64\jre\21.0.10-win32-x86_64\bin\verify.dll
0x00007ffe3dbd0000 - 0x00007ffe3dc15000 	C:\Users\deboj\AppData\Roaming\Code\User\globalStorage\redhat.java\1.53.0\config_win\org.eclipse.equinox.launcher\org.eclipse.equinox.launcher.win32.win32.x86_64_1.3.0.v20260203-2149\eclipse_11919.dll
0x00007ffe933a0000 - 0x00007ffe93535000 	C:\WINDOWS\System32\ole32.dll
0x00007ffe90df0000 - 0x00007ffe90e0b000 	C:\WINDOWS\SYSTEM32\CRYPTSP.dll
0x00007ffe904f0000 - 0x00007ffe90529000 	C:\WINDOWS\system32\rsaenh.dll
0x00007ffe90bb0000 - 0x00007ffe90be2000 	C:\WINDOWS\SYSTEM32\USERENV.dll
0x00007ffe916f0000 - 0x00007ffe9171a000 	C:\WINDOWS\SYSTEM32\bcrypt.dll
0x00007ffe90de0000 - 0x00007ffe90dec000 	C:\WINDOWS\SYSTEM32\CRYPTBASE.dll
0x00007ffe8ff80000 - 0x00007ffe8ffb3000 	C:\WINDOWS\SYSTEM32\IPHLPAPI.DLL
0x00007ffe92d00000 - 0x00007ffe92d0a000 	C:\WINDOWS\System32\NSI.dll
0x00007ffe3b830000 - 0x00007ffe3b879000 	C:\Users\deboj\AppData\Local\Temp\jna-95458716\jna3271729478894347425.dll
0x00007ffe93a50000 - 0x00007ffe93a58000 	C:\WINDOWS\System32\PSAPI.DLL

JVMTI agents:
c:\Users\deboj\.vscode\extensions\redhat.java-1.53.0-win32-x64\lombok\lombok-1.18.39-4050.jar path:c:\Users\deboj\.vscode\extensions\redhat.java-1.53.0-win32-x64\jre\21.0.10-win32-x86_64\bin\instrument.dll, loaded, initialized, instrumentlib options:none

dbghelp: loaded successfully - version: 4.0.5 - missing functions: none
symbol engine: initialized successfully - sym options: 0x614 - pdb path: .;c:\Users\deboj\.vscode\extensions\redhat.java-1.53.0-win32-x64\jre\21.0.10-win32-x86_64\bin;C:\WINDOWS\SYSTEM32;C:\WINDOWS\WinSxS\amd64_microsoft.windows.common-controls_6595b64144ccf1df_6.0.26100.8037_none_3e092faae333b53b;c:\Users\deboj\.vscode\extensions\redhat.java-1.53.0-win32-x64\jre\21.0.10-win32-x86_64\bin\server;C:\Users\deboj\AppData\Roaming\Code\User\globalStorage\redhat.java\1.53.0\config_win\org.eclipse.equinox.launcher\org.eclipse.equinox.launcher.win32.win32.x86_64_1.3.0.v20260203-2149;C:\Users\deboj\AppData\Local\Temp\jna-95458716

VM Arguments:
jvm_args: --add-modules=ALL-SYSTEM --add-opens=java.base/java.util=ALL-UNNAMED --add-opens=java.base/java.lang=ALL-UNNAMED --add-opens=java.base/sun.nio.fs=ALL-UNNAMED -Declipse.application=org.eclipse.jdt.ls.core.id1 -Dosgi.bundles.defaultStartLevel=4 -Declipse.product=org.eclipse.jdt.ls.core.product -Djava.import.generatesMetadataFilesAtProjectRoot=false -DDetectVMInstallationsJob.disabled=true -Dfile.encoding=utf8 -XX:+UseParallelGC -XX:GCTimeRatio=4 -XX:AdaptiveSizePolicyWeight=90 -Dsun.zip.disableMemoryMapping=true -Xmx2G -Xms100m -Xlog:disable -javaagent:c:\Users\deboj\.vscode\extensions\redhat.java-1.53.0-win32-x64\lombok\lombok-1.18.39-4050.jar -XX:+HeapDumpOnOutOfMemoryError -XX:HeapDumpPath=c:\Users\deboj\AppData\Roaming\Code\User\workspaceStorage\1439c921d9430cb91b49a6a54e1a0b6b\redhat.java -Daether.dependencyCollector.impl=bf 
java_command: c:\Users\deboj\.vscode\extensions\redhat.java-1.53.0-win32-x64\server\plugins\org.eclipse.equinox.launcher_1.7.100.v20251111-0406.jar -configuration c:\Users\deboj\AppData\Roaming\Code\User\globalStorage\redhat.java\1.53.0\config_win -data c:\Users\deboj\AppData\Roaming\Code\User\workspaceStorage\1439c921d9430cb91b49a6a54e1a0b6b\redhat.java\jdt_ws --pipe=\\.\pipe\lsp-d7dceb1fcf645eb5c84368a96cb63937-sock
java_class_path (initial): c:\Users\deboj\.vscode\extensions\redhat.java-1.53.0-win32-x64\server\plugins\org.eclipse.equinox.launcher_1.7.100.v20251111-0406.jar
Launcher Type: SUN_STANDARD

[Global flags]
    uintx AdaptiveSizePolicyWeight                 = 90                                        {product} {command line}
     intx CICompilerCount                          = 4                                         {product} {ergonomic}
    uintx GCTimeRatio                              = 4                                         {product} {command line}
     bool HeapDumpOnOutOfMemoryError               = true                                   {manageable} {command line}
    ccstr HeapDumpPath                             = c:\Users\deboj\AppData\Roaming\Code\User\workspaceStorage\1439c921d9430cb91b49a6a54e1a0b6b\redhat.java         {manageable} {command line}
   size_t InitialHeapSize                          = 104857600                                 {product} {command line}
   size_t MaxHeapSize                              = 2147483648                                {product} {command line}
   size_t MaxNewSize                               = 715653120                                 {product} {ergonomic}
   size_t MinHeapDeltaBytes                        = 524288                                    {product} {ergonomic}
   size_t MinHeapSize                              = 104857600                                 {product} {command line}
   size_t NewSize                                  = 34603008                                  {product} {ergonomic}
    uintx NonNMethodCodeHeapSize                   = 5839372                                {pd product} {ergonomic}
    uintx NonProfiledCodeHeapSize                  = 122909434                              {pd product} {ergonomic}
   size_t OldSize                                  = 70254592                                  {product} {ergonomic}
    uintx ProfiledCodeHeapSize                     = 122909434                              {pd product} {ergonomic}
    uintx ReservedCodeCacheSize                    = 251658240                              {pd product} {ergonomic}
     bool SegmentedCodeCache                       = true                                      {product} {ergonomic}
   size_t SoftMaxHeapSize                          = 2147483648                             {manageable} {ergonomic}
     bool UseCompressedOops                        = true                           {product lp64_product} {ergonomic}
     bool UseLargePagesIndividualAllocation        = false                                  {pd product} {ergonomic}
     bool UseParallelGC                            = true                                      {product} {command line}

Logging:
Log output configuration:
 #0: stdout all=off uptime,level,tags foldmultilines=false
 #1: stderr all=off uptime,level,tags foldmultilines=false

Release file:
JAVA_VERSION="21.0.10" 
MODULES="java.base java.compiler java.datatransfer java.xml java.prefs java.desktop java.instrument java.logging java.management java.security.sasl java.naming java.rmi java.management.rmi java.net.http java.scripting java.security.jgss java.transaction.xa java.sql java.sql.rowset java.xml.crypto java.se java.smartcardio jdk.accessibility jdk.internal.jvmstat jdk.attach jdk.charsets jdk.internal.opt jdk.zipfs jdk.compiler jdk.crypto.ec jdk.crypto.cryptoki jdk.crypto.mscapi jdk.dynalink jdk.internal.ed jdk.editpad jdk.hotspot.agent jdk.httpserver jdk.internal.le jdk.internal.vm.ci jdk.internal.vm.compiler jdk.internal.vm.compiler.management jdk.jartool jdk.javadoc jdk.jcmd jdk.management jdk.management.agent jdk.jconsole jdk.jdeps jdk.jdwp.agent jdk.jdi jdk.jfr jdk.jshell jdk.jsobject jdk.jstatd jdk.localedata jdk.management.jfr jdk.naming.dns jdk.naming.rmi jdk.net jdk.nio.mapmode jdk.random jdk.sctp jdk.security.auth jdk.security.jgss jdk.unsupported jdk.unsupported.desktop jdk.xml.dom" 

Environment Variables:
PATH=C:\Users\deboj\AppData\Local\Programs\Microsoft VS Code;C:\Program Files\Common Files\Oracle\Java\javapath;C:\WINDOWS\system32;C:\WINDOWS;C:\WINDOWS\System32\Wbem;C:\WINDOWS\System32\WindowsPowerShell\v1.0\;C:\WINDOWS\System32\OpenSSH\;C:\Program Files\dotnet\;C:\MinGW\bin;C:\Program Files\Git\cmd;C:\Program Files\Git\mingw64\bin;C:\Program Files\Git\usr\bin;C:\ProgramData\chocolatey\bin;C:\Program Files\MySQL\MySQL Server 8.0\bin;C:\Program Files\Java\jdk-22\bin;C:\Program Files\nodejs\;C:\Users\deboj\anaconda3;C:\Users\deboj\anaconda3\Library\mingw-w64\bin;C:\Users\deboj\anaconda3\Library\usr\bin;C:\Users\deboj\anaconda3\Library\bin;C:\Users\deboj\anaconda3\Scripts;C:\Users\deboj\AppData\Local\Programs\Python\Python313\Scripts\;C:\Users\deboj\AppData\Local\Programs\Python\Python313\;C:\Program Files\MySQL\MySQL Shell 8.0\bin\;C:\Users\deboj\AppData\Local\Microsoft\WindowsApps;C:\Users\deboj\AppData\Local\Programs\Microsoft VS Code\bin;C:\Users\deboj\AppData\Local\Programs\mongosh\;C:\Users\deboj\AppData\Roaming\npm
USERNAME=deboj
OS=Windows_NT
PROCESSOR_IDENTIFIER=AMD64 Family 23 Model 104 Stepping 1, AuthenticAMD
TMP=C:\Users\deboj\AppData\Local\Temp
TEMP=C:\Users\deboj\AppData\Local\Temp




Periodic native trim disabled

---------------  S Y S T E M  ---------------

OS:
 Windows 11 , 64 bit Build 26100 (10.0.26100.7920)
OS uptime: 15 days 7:54 hours
Hyper-V role detected

CPU: total 12 (initial active 12) (12 cores per cpu, 2 threads per core) family 23 model 104 stepping 1 microcode 0x8608109, cx8, cmov, fxsr, ht, mmx, 3dnowpref, sse, sse2, sse3, ssse3, sse4a, sse4.1, sse4.2, popcnt, lzcnt, tsc, tscinvbit, avx, avx2, aes, clmul, bmi1, bmi2, adx, sha, fma, vzeroupper, clflush, clflushopt, hv, rdtscp, rdpid, f16c
Processor Information for the first 12 processors :
  Max Mhz: 2100, Current Mhz: 2100, Mhz Limit: 2100

Memory: 4k page, system-wide physical 7528M (540M free)
TotalPageFile size 31080M (AvailPageFile size 4M)
current process WorkingSet (physical memory assigned to process): 161M, peak: 162M
current process commit charge ("private bytes"): 297M, peak: 299M

vm_info: OpenJDK 64-Bit Server VM (21.0.10+7-LTS) for windows-amd64 JRE (21.0.10+7-LTS), built on 2026-01-20T00:00:00Z by "admin" with MS VC++ 17.12 (VS2022)

END.
